#
# There is insufficient memory for the Java Runtime Environment to continue.
# Native memory allocation (malloc) failed to allocate 32744 bytes for ChunkPool::allocate
# Possible reasons:
#   The system is out of physical RAM or swap space
#   In 32 bit mode, the process size limit was hit
# Possible solutions:
#   Reduce memory load on the system
#   Increase physical memory or swap space
#   Check if swap backing store is full
#   Use 64 bit Java on a 64 bit OS
#   Decrease Java heap size (-Xmx/-Xms)
#   Decrease number of Java threads
#   Decrease Java thread stack sizes (-Xss)
#   Set larger code cache with -XX:ReservedCodeCacheSize=
# This output file may be truncated or incomplete.
#
#  Out of Memory Error (allocation.cpp:273), pid=5948, tid=5852
#
# JRE version: Java(TM) SE Runtime Environment (8.0_31-b13) (build 1.8.0_31-b13)
# Java VM: Java HotSpot(TM) 64-Bit Server VM (25.31-b07 mixed mode windows-amd64 compressed oops)
# Failed to write core dump. Minidumps are not enabled by default on client versions of Windows
#

---------------  T H R E A D  ---------------

Current thread (0x00000000594f7000):  JavaThread "C1 CompilerThread2" daemon [_thread_in_native, id=5852, stack(0x0000000058ea0000,0x0000000058fa0000)]

Stack: [0x0000000058ea0000,0x0000000058fa0000]
Native frames: (J=compiled Java code, j=interpreted, Vv=VM code, C=native code)
V  [jvm.dll+0x3169ba]


Current CompileTask:
C1:   1917   69       1       java.util.TreeMap::put (247 bytes)


---------------  P R O C E S S  ---------------

Java Threads: ( => current thread )
  0x000000005956a000 JavaThread "Service Thread" daemon [_thread_blocked, id=9064, stack(0x000000005a0d0000,0x000000005a1d0000)]
=>0x00000000594f7000 JavaThread "C1 CompilerThread2" daemon [_thread_in_native, id=5852, stack(0x0000000058ea0000,0x0000000058fa0000)]
  0x00000000594e3000 JavaThread "C2 CompilerThread1" daemon [_thread_blocked, id=8756, stack(0x0000000059e50000,0x0000000059f50000)]
  0x00000000594e2000 JavaThread "C2 CompilerThread0" daemon [_thread_blocked, id=2188, stack(0x0000000059c60000,0x0000000059d60000)]
  0x00000000594df800 JavaThread "Monitor Ctrl-Break" daemon [_thread_in_native, id=5388, stack(0x0000000059af0000,0x0000000059bf0000)]
  0x0000000058a92800 JavaThread "Attach Listener" daemon [_thread_blocked, id=8560, stack(0x0000000059190000,0x0000000059290000)]
  0x0000000057689800 JavaThread "Signal Dispatcher" daemon [_thread_blocked, id=1864, stack(0x0000000058fd0000,0x00000000590d0000)]
  0x000000005762e800 JavaThread "Finalizer" daemon [_thread_blocked, id=8604, stack(0x0000000058980000,0x0000000058a80000)]
  0x0000000057623800 JavaThread "Reference Handler" daemon [_thread_blocked, id=7400, stack(0x0000000058770000,0x0000000058870000)]
  0x00000000023da000 JavaThread "main" [_thread_in_vm, id=7392, stack(0x00000000024c0000,0x00000000025c0000)]

Other Threads:
  0x0000000057620000 VMThread [stack: 0x0000000058660000,0x0000000058760000] [id=6928]

VM state:not at safepoint (normal execution)

VM Mutex/Monitor currently owned by a thread:  ([mutex/lock_event])
[0x00000000023d8380] SymbolTable_lock - owner thread: 0x00000000023da000

Heap:
 PSYoungGen      total 38400K, used 8929K [0x00000000d5c00000, 0x00000000d8680000, 0x0000000100000000)
  eden space 33280K, 26% used [0x00000000d5c00000,0x00000000d64b8570,0x00000000d7c80000)
  from space 5120K, 0% used [0x00000000d8180000,0x00000000d8180000,0x00000000d8680000)
  to   space 5120K, 0% used [0x00000000d7c80000,0x00000000d7c80000,0x00000000d8180000)
 ParOldGen       total 87552K, used 0K [0x0000000081400000, 0x0000000086980000, 0x00000000d5c00000)
  object space 87552K, 0% used [0x0000000081400000,0x0000000081400000,0x0000000086980000)
 Metaspace       used 4653K, capacity 4710K, committed 4992K, reserved 1056768K
  class space    used 517K, capacity 522K, committed 640K, reserved 1048576K

Card table byte_map: [0x0000000011b50000,0x0000000011f50000] byte_map_base: 0x0000000011746000

Marking Bits: (ParMarkBitMap*) 0x0000000064ebd4f0
 Begin Bits: [0x0000000012930000, 0x00000000148e0000)
 End Bits:   [0x00000000148e0000, 0x0000000016890000)

Polling page: 0x0000000000140000

CodeCache: size=245760Kb used=1159Kb max_used=1159Kb free=244600Kb
 bounds [0x0000000002790000, 0x0000000002a00000, 0x0000000011790000]
 total_blobs=349 nmethods=67 adapters=196
 compilation: enabled

Compilation events (10 events):
Event: 1.839 Thread 0x00000000594f7000 nmethod 63 0x00000000028b0f50 code [0x00000000028b10a0, 0x00000000028b11b0]
Event: 1.839 Thread 0x00000000594f7000   64       1       java.lang.reflect.Method::getName (5 bytes)
Event: 1.839 Thread 0x00000000594f7000 nmethod 64 0x00000000028b1210 code [0x00000000028b1360, 0x00000000028b1470]
Event: 1.840 Thread 0x00000000594f7000   65       1       java.lang.ref.SoftReference::get (29 bytes)
Event: 1.840 Thread 0x00000000594f7000 nmethod 65 0x00000000028b14d0 code [0x00000000028b1620, 0x00000000028b1750]
Event: 1.840 Thread 0x00000000594f7000   66       1       java.lang.reflect.Method::getReturnType (5 bytes)
Event: 1.840 Thread 0x00000000594f7000 nmethod 66 0x00000000028b1790 code [0x00000000028b18e0, 0x00000000028b19f0]
Event: 1.840 Thread 0x00000000594f7000   67       1       java.lang.reflect.Method::getDeclaringClass (5 bytes)
Event: 1.840 Thread 0x00000000594f7000 nmethod 67 0x00000000028b1a50 code [0x00000000028b1ba0, 0x00000000028b1cb0]
Event: 1.840 Thread 0x00000000594f7000   69       1       java.util.TreeMap::put (247 bytes)

GC Heap History (0 events):
No events

Deoptimization events (0 events):
No events

Internal exceptions (10 events):
Event: 0.873 Thread 0x00000000023da000 Exception <a 'java/security/PrivilegedActionException'> (0x00000000d6084f40) thrown at [C:\workspace\8-2-build-windows-amd64-cygwin\jdk8u31\2394\hotspot\src\share\vm\prims\jvm.cpp, line 1312]
Event: 0.873 Thread 0x00000000023da000 Exception <a 'java/security/PrivilegedActionException'> (0x00000000d60850f8) thrown at [C:\workspace\8-2-build-windows-amd64-cygwin\jdk8u31\2394\hotspot\src\share\vm\prims\jvm.cpp, line 1312]
Event: 0.873 Thread 0x00000000023da000 Exception <a 'java/security/PrivilegedActionException'> (0x00000000d60861f8) thrown at [C:\workspace\8-2-build-windows-amd64-cygwin\jdk8u31\2394\hotspot\src\share\vm\prims\jvm.cpp, line 1312]
Event: 0.873 Thread 0x00000000023da000 Exception <a 'java/security/PrivilegedActionException'> (0x00000000d60863b0) thrown at [C:\workspace\8-2-build-windows-amd64-cygwin\jdk8u31\2394\hotspot\src\share\vm\prims\jvm.cpp, line 1312]
Event: 0.873 Thread 0x00000000023da000 Exception <a 'java/security/PrivilegedActionException'> (0x00000000d6087530) thrown at [C:\workspace\8-2-build-windows-amd64-cygwin\jdk8u31\2394\hotspot\src\share\vm\prims\jvm.cpp, line 1312]
Event: 0.873 Thread 0x00000000023da000 Exception <a 'java/security/PrivilegedActionException'> (0x00000000d60876e8) thrown at [C:\workspace\8-2-build-windows-amd64-cygwin\jdk8u31\2394\hotspot\src\share\vm\prims\jvm.cpp, line 1312]
Event: 0.873 Thread 0x00000000023da000 Exception <a 'java/security/PrivilegedActionException'> (0x00000000d6088990) thrown at [C:\workspace\8-2-build-windows-amd64-cygwin\jdk8u31\2394\hotspot\src\share\vm\prims\jvm.cpp, line 1312]
Event: 0.873 Thread 0x00000000023da000 Exception <a 'java/security/PrivilegedActionException'> (0x00000000d6088b48) thrown at [C:\workspace\8-2-build-windows-amd64-cygwin\jdk8u31\2394\hotspot\src\share\vm\prims\jvm.cpp, line 1312]
Event: 1.714 Thread 0x00000000023da000 Exception <a 'java/security/PrivilegedActionException'> (0x00000000d61505e8) thrown at [C:\workspace\8-2-build-windows-amd64-cygwin\jdk8u31\2394\hotspot\src\share\vm\prims\jvm.cpp, line 1312]
Event: 1.730 Thread 0x00000000023da000 Exception <a 'java/security/PrivilegedActionException'> (0x00000000d6165d10) thrown at [C:\workspace\8-2-build-windows-amd64-cygwin\jdk8u31\2394\hotspot\src\share\vm\prims\jvm.cpp, line 1312]

Events (10 events):
Event: 1.841 loading class javax/management/MBeanParameterInfo done
Event: 1.841 loading class com/sun/jmx/mbeanserver/PerInterface$MethodAndSig
Event: 1.841 loading class com/sun/jmx/mbeanserver/PerInterface$MethodAndSig done
Event: 1.841 loading class java/lang/management/GarbageCollectorMXBean
Event: 1.841 loading class java/lang/management/MemoryManagerMXBean
Event: 1.841 loading class java/lang/management/MemoryManagerMXBean done
Event: 1.842 loading class java/lang/management/GarbageCollectorMXBean done
Event: 1.842 loading class sun/management/ManagementFactory
Event: 1.842 loading class sun/management/ManagementFactory done
Event: 1.842 loading class sun/management/MemoryManagerImpl


Dynamic libraries:
0x000000013fda0000 - 0x000000013fdd4000 	D:\java\SDE\jdk1.8\bin\java.exe
0x0000000077a90000 - 0x0000000077c2f000 	C:\Windows\SYSTEM32\ntdll.dll
0x0000000077870000 - 0x000000007798f000 	C:\Windows\system32\kernel32.dll
0x000007fefd700000 - 0x000007fefd76a000 	C:\Windows\system32\KERNELBASE.dll
0x000007fefe260000 - 0x000007fefe33b000 	C:\Windows\system32\ADVAPI32.dll
0x000007feff680000 - 0x000007feff71f000 	C:\Windows\system32\msvcrt.dll
0x000007feff460000 - 0x000007feff47f000 	C:\Windows\SYSTEM32\sechost.dll
0x000007fefdfb0000 - 0x000007fefe0dd000 	C:\Windows\system32\RPCRT4.dll
0x0000000077990000 - 0x0000000077a8a000 	C:\Windows\system32\USER32.dll
0x000007fefe340000 - 0x000007fefe3a7000 	C:\Windows\system32\GDI32.dll
0x000007fefe180000 - 0x000007fefe18e000 	C:\Windows\system32\LPK.dll
0x000007fefe190000 - 0x000007fefe25b000 	C:\Windows\system32\USP10.dll
0x000007fefbc10000 - 0x000007fefbe04000 	C:\Windows\WinSxS\amd64_microsoft.windows.common-controls_6595b64144ccf1df_6.0.7601.23403_none_e36ad4593102f066\COMCTL32.dll
0x000007fefdf30000 - 0x000007fefdfa1000 	C:\Windows\system32\SHLWAPI.dll
0x000007fefe0e0000 - 0x000007fefe10e000 	C:\Windows\system32\IMM32.DLL
0x000007feffbf0000 - 0x000007feffcf9000 	C:\Windows\system32\MSCTF.dll
0x000000006d7d0000 - 0x000000006d8a2000 	D:\java\SDE\jdk1.8\jre\bin\msvcr100.dll
0x00000000646e0000 - 0x0000000064f3a000 	D:\java\SDE\jdk1.8\jre\bin\server\jvm.dll
0x000007fef2510000 - 0x000007fef2519000 	C:\Windows\system32\WSOCK32.dll
0x000007fefe130000 - 0x000007fefe17d000 	C:\Windows\system32\WS2_32.dll
0x000007feff8b0000 - 0x000007feff8b8000 	C:\Windows\system32\NSI.dll
0x000007fef8890000 - 0x000007fef88cb000 	C:\Windows\system32\WINMM.dll
0x0000000077c40000 - 0x0000000077c47000 	C:\Windows\system32\PSAPI.DLL
0x00000000740a0000 - 0x00000000740af000 	D:\java\SDE\jdk1.8\jre\bin\verify.dll
0x0000000071180000 - 0x00000000711a8000 	D:\java\SDE\jdk1.8\jre\bin\java.dll
0x000000006ff90000 - 0x000000006ffb3000 	D:\java\SDE\jdk1.8\jre\bin\instrument.dll
0x0000000070fa0000 - 0x0000000070fb6000 	D:\java\SDE\jdk1.8\jre\bin\zip.dll
0x000007fefe450000 - 0x000007feff1da000 	C:\Windows\system32\SHELL32.dll
0x000007feff480000 - 0x000007feff67f000 	C:\Windows\system32\ole32.dll
0x000007fefd5f0000 - 0x000007fefd5ff000 	C:\Windows\system32\profapi.dll
0x000007fefc0b0000 - 0x000007fefc0ca000 	D:\java\ideaIU-2019.3.win\bin\breakgen64.dll
0x000000006e940000 - 0x000000006e95a000 	D:\java\SDE\jdk1.8\jre\bin\net.dll
0x000007fefccf0000 - 0x000007fefcd45000 	C:\Windows\system32\mswsock.dll
0x000007fefcce0000 - 0x000007fefcce7000 	C:\Windows\System32\wship6.dll
0x000007fefc760000 - 0x000007fefc767000 	C:\Windows\System32\wshtcpip.dll
0x000007fefcb70000 - 0x000007fefcbcb000 	C:\Windows\system32\DNSAPI.dll
0x000007fefba60000 - 0x000007fefba87000 	C:\Windows\system32\IPHLPAPI.DLL
0x000007fefba50000 - 0x000007fefba5b000 	C:\Windows\system32\WINNSI.DLL
0x000007fef9c10000 - 0x000007fef9c18000 	C:\Windows\system32\rasadhlp.dll
0x000007fefae30000 - 0x000007fefae83000 	C:\Windows\System32\fwpuclnt.dll
0x00000000740b0000 - 0x00000000740bd000 	D:\java\SDE\jdk1.8\jre\bin\management.dll

VM Arguments:
jvm_args: -XX:TieredStopAtLevel=1 -Xverify:none -Dspring.output.ansi.enabled=always -Dcom.sun.management.jmxremote -Dspring.jmx.enabled=true -Dspring.liveBeansView.mbeanDomain -Dspring.application.admin.enabled=true -javaagent:D:\java\ideaIU-2019.3.win\lib\idea_rt.jar=53036:D:\java\ideaIU-2019.3.win\bin -Dfile.encoding=UTF-8 
java_command: com.huye.springcloud.EurekaMain7001
java_class_path (initial): D:\java\SDE\jdk1.8\jre\lib\charsets.jar;D:\java\SDE\jdk1.8\jre\lib\deploy.jar;D:\java\SDE\jdk1.8\jre\lib\ext\access-bridge-64.jar;D:\java\SDE\jdk1.8\jre\lib\ext\cldrdata.jar;D:\java\SDE\jdk1.8\jre\lib\ext\dnsns.jar;D:\java\SDE\jdk1.8\jre\lib\ext\jaccess.jar;D:\java\SDE\jdk1.8\jre\lib\ext\jfxrt.jar;D:\java\SDE\jdk1.8\jre\lib\ext\localedata.jar;D:\java\SDE\jdk1.8\jre\lib\ext\nashorn.jar;D:\java\SDE\jdk1.8\jre\lib\ext\sunec.jar;D:\java\SDE\jdk1.8\jre\lib\ext\sunjce_provider.jar;D:\java\SDE\jdk1.8\jre\lib\ext\sunmscapi.jar;D:\java\SDE\jdk1.8\jre\lib\ext\sunpkcs11.jar;D:\java\SDE\jdk1.8\jre\lib\ext\zipfs.jar;D:\java\SDE\jdk1.8\jre\lib\javaws.jar;D:\java\SDE\jdk1.8\jre\lib\jce.jar;D:\java\SDE\jdk1.8\jre\lib\jfr.jar;D:\java\SDE\jdk1.8\jre\lib\jfxswt.jar;D:\java\SDE\jdk1.8\jre\lib\jsse.jar;D:\java\SDE\jdk1.8\jre\lib\management-agent.jar;D:\java\SDE\jdk1.8\jre\lib\plugin.jar;D:\java\SDE\jdk1.8\jre\lib\resources.jar;D:\java\SDE\jdk1.8\jre\lib\rt.jar;D:\java\projects\cloud2020\cloud-eureka-server7001\target\classes;D:\java\maven\repository3\org\springframework\cloud\spring-cloud-starter-netflix-eureka-server\2.2.1.RELEASE\spring-cloud-starter-netflix-eureka-server-2.2.1.RELEASE.jar;D:\java\maven\repository3\org\springframework\cloud\spring-cloud-starter\2.2.1.RELEASE\spring-cloud-starter-2.2.1.RELEASE.jar;D:\java\maven\repository3\org\springframework\cloud\spring-cloud-context\2.2.1.RELEASE\spring-cloud-context-2.2.1.RELEASE.jar;D:\java\maven\repository3\org\springframework\security\spring-security-crypto\5.2.1.RELEASE\spring-security-crypto-5.2.1.RELEASE.jar;D:\java\maven\repository3\org\springframework\cloud\spring-cloud-commons\2.2.1.RELEASE\spring-cloud-commons-2.2.1.RELEASE.jar;D:\java\maven\repository3\org\springframework\security\spring-security-rsa\1.0.9.RELEASE\spring-security-rsa-1.0.9.RELEASE.jar;D:\java\maven\repository3\org\bouncycastle\bcpkix-jdk15on\1.64\bcpkix-jdk15on-1.64.jar;D:\java\maven\repository3\org\bouncycastle\bcprov-jdk15o
Launcher Type: SUN_STANDARD

Environment Variables:
JAVA_HOME=D:\java\SDE\jdk1.8
PATH=C:\Program Files (x86)\NetSarang\Xftp 6\;C:\Program Files (x86)\NetSarang\Xshell 6\;C:\Windows\system32;C:\Windows;C:\Windows\System32\Wbem;C:\Windows\System32\WindowsPowerShell\v1.0\;D:\java\SDE\jdk1.8\bin;D:\java\mysql-5.7.15-winx64\bin;C:\Program Files\Git\cmd;C:\Program Files\Microsoft VS Code\bin;D:\nodejs\;D:\java\apache-maven-3.5.4\bin;C:\Users\Administrator\AppData\Local\Programs\Python\Python38\Scripts\;C:\Users\Administrator\AppData\Local\Programs\Python\Python38\;C:\Users\Administrator\AppData\Roaming\npm
USERNAME=Administrator
OS=Windows_NT
PROCESSOR_IDENTIFIER=Intel64 Family 6 Model 60 Stepping 3, GenuineIntel



---------------  S Y S T E M  ---------------

OS: Windows 7 , 64 bit Build 7601 Service Pack 1

CPU:total 4 (2 cores per cpu, 2 threads per core) family 6 model 60 stepping 3, cmov, cx8, fxsr, mmx, sse, sse2, sse3, ssse3, sse4.1, sse4.2, popcnt, avx, avx2, aes, clmul, erms, lzcnt, ht, tsc, tscinvbit, bmi1, bmi2

Memory: 4k page, physical 8305204k(1914244k free), swap 8303300k(4940k free)

vm_info: Java HotSpot(TM) 64-Bit Server VM (25.31-b07) for windows-amd64 JRE (1.8.0_31-b13), built on Dec 17 2014 21:00:28 by "java_re" with MS VC++ 10.0 (VS2010)

time: Wed Mar 18 09:58:57 2020
elapsed time: 1 seconds (0d 0h 0m 1s)

