#
# There is insufficient memory for the Java Runtime Environment to continue.
# Native memory allocation (malloc) failed to allocate 256000 bytes for AllocateHeap
# Possible reasons:
#   The system is out of physical RAM or swap space
#   In 32 bit mode, the process size limit was hit
# Possible solutions:
#   Reduce memory load on the system
#   Increase physical memory or swap space
#   Check if swap backing store is full
#   Use 64 bit Java on a 64 bit OS
#   Decrease Java heap size (-Xmx/-Xms)
#   Decrease number of Java threads
#   Decrease Java thread stack sizes (-Xss)
#   Set larger code cache with -XX:ReservedCodeCacheSize=
# This output file may be truncated or incomplete.
#
#  Out of Memory Error (memory/allocation.inline.hpp:62), pid=8972, tid=2604
#
# JRE version: Java(TM) SE Runtime Environment (8.0_31-b13) (build 1.8.0_31-b13)
# Java VM: Java HotSpot(TM) 64-Bit Server VM (25.31-b07 mixed mode windows-amd64 compressed oops)
# Failed to write core dump. Minidumps are not enabled by default on client versions of Windows
#

---------------  T H R E A D  ---------------

Current thread (0x000000005799f000):  VMThread [stack: 0x0000000058890000,0x0000000058990000] [id=2604]

Stack: [0x0000000058890000,0x0000000058990000]
Native frames: (J=compiled Java code, j=interpreted, Vv=VM code, C=native code)
V  [jvm.dll+0x3169ba]

VM_Operation (0x000000005a0bc6e0): CollectForMetadataAllocation, mode: safepoint, requested by thread 0x0000000059ad9000


---------------  P R O C E S S  ---------------

Java Threads: ( => current thread )
  0x000000005bb03800 JavaThread "RMI TCP Connection(idle)" daemon [_thread_blocked, id=8420, stack(0x000000005a480000,0x000000005a580000)]
  0x000000005b8ae000 JavaThread "RMI TCP Connection(4)-169.254.236.42" daemon [_thread_in_native, id=7528, stack(0x000000005cbb0000,0x000000005ccb0000)]
  0x0000000059ad9000 JavaThread "restartedMain" [_thread_blocked, id=7436, stack(0x0000000059fc0000,0x000000005a0c0000)]
  0x0000000059ad8800 JavaThread "Thread-2" [_thread_blocked, id=8384, stack(0x000000005a880000,0x000000005a980000)]
  0x0000000059abc800 JavaThread "RMI Scheduler(0)" daemon [_thread_blocked, id=3604, stack(0x0000000058990000,0x0000000058a90000)]
  0x0000000059ab5000 JavaThread "RMI TCP Connection(2)-169.254.236.42" daemon [_thread_in_native, id=8252, stack(0x000000005ae10000,0x000000005af10000)]
  0x00000000597d6800 JavaThread "RMI TCP Accept-0" daemon [_thread_in_native, id=1872, stack(0x0000000012ab0000,0x0000000012bb0000)]
  0x0000000059634000 JavaThread "Service Thread" daemon [_thread_blocked, id=8532, stack(0x000000005a370000,0x000000005a470000)]
  0x0000000059608000 JavaThread "C1 CompilerThread2" daemon [_thread_blocked, id=5068, stack(0x000000005a1f0000,0x000000005a2f0000)]
  0x0000000059607000 JavaThread "C2 CompilerThread1" daemon [_thread_blocked, id=9052, stack(0x000000005a0c0000,0x000000005a1c0000)]
  0x0000000059606800 JavaThread "C2 CompilerThread0" daemon [_thread_blocked, id=6860, stack(0x0000000059eb0000,0x0000000059fb0000)]
  0x00000000595ea800 JavaThread "Monitor Ctrl-Break" daemon [_thread_in_native, id=7804, stack(0x0000000059d80000,0x0000000059e80000)]
  0x0000000058d72800 JavaThread "Attach Listener" daemon [_thread_blocked, id=6588, stack(0x00000000593a0000,0x00000000594a0000)]
  0x0000000057a08800 JavaThread "Signal Dispatcher" daemon [_thread_blocked, id=1960, stack(0x0000000059250000,0x0000000059350000)]
  0x00000000579ab800 JavaThread "Finalizer" daemon [_thread_blocked, id=3696, stack(0x0000000058c60000,0x0000000058d60000)]
  0x00000000579a2800 JavaThread "Reference Handler" daemon [_thread_blocked, id=3980, stack(0x0000000058aa0000,0x0000000058ba0000)]
  0x000000000267d000 JavaThread "main" [_thread_blocked, id=8432, stack(0x0000000002750000,0x0000000002850000)]

Other Threads:
=>0x000000005799f000 VMThread [stack: 0x0000000058890000,0x0000000058990000] [id=2604]
  0x000000005981f000 WatcherThread [stack: 0x000000005aa90000,0x000000005ab90000] [id=8452]

VM state:at safepoint (normal execution)

VM Mutex/Monitor currently owned by a thread:  ([mutex/lock_event])
[0x00000000024fe040] Threads_lock - owner thread: 0x000000005799f000
[0x00000000024fe540] Heap_lock - owner thread: 0x0000000059ad9000

Heap:
 PSYoungGen      total 230400K, used 11249K [0x00000000d5c00000, 0x00000000e7300000, 0x0000000100000000)
  eden space 219136K, 0% used [0x00000000d5c00000,0x00000000d5c00000,0x00000000e3200000)
  from space 11264K, 99% used [0x00000000e5d00000,0x00000000e67fc538,0x00000000e6800000)
  to   space 7680K, 0% used [0x00000000e6b80000,0x00000000e6b80000,0x00000000e7300000)
 ParOldGen       total 56320K, used 8771K [0x0000000081400000, 0x0000000084b00000, 0x00000000d5c00000)
  object space 56320K, 15% used [0x0000000081400000,0x0000000081c90d50,0x0000000084b00000)
 Metaspace       used 29801K, capacity 31378K, committed 31488K, reserved 1081344K
  class space    used 4061K, capacity 4334K, committed 4352K, reserved 1048576K

Card table byte_map: [0x0000000011e10000,0x0000000012210000] byte_map_base: 0x0000000011a06000

Marking Bits: (ParMarkBitMap*) 0x0000000064ebd4f0
 Begin Bits: [0x0000000012cb0000, 0x0000000014c60000)
 End Bits:   [0x0000000014c60000, 0x0000000016c10000)

Polling page: 0x0000000000130000

CodeCache: size=245760Kb used=6015Kb max_used=6015Kb free=239744Kb
 bounds [0x0000000002a50000, 0x0000000003030000, 0x0000000011a50000]
 total_blobs=3527 nmethods=3104 adapters=335
 compilation: disabled (not enough contiguous free space left)

Compilation events (10 events):
Event: 5.484 Thread 0x0000000059608000 3101       1       java.util.zip.Inflater::<init> (27 bytes)
Event: 5.484 Thread 0x0000000059608000 nmethod 3101 0x000000000302d650 code [0x000000000302d7c0, 0x000000000302d9a8]
Event: 5.484 Thread 0x0000000059608000 3102       1       java.util.zip.ZStreamRef::<init> (10 bytes)
Event: 5.484 Thread 0x0000000059608000 nmethod 3102 0x000000000302da90 code [0x000000000302dbe0, 0x000000000302dcf0]
Event: 5.485 Thread 0x0000000059608000 3103   !   1       java.util.zip.ZipInputStream::readLOC (318 bytes)
Event: 5.486 Thread 0x0000000059608000 nmethod 3103 0x000000000302dd50 code [0x000000000302dfa0, 0x000000000302eab8]
Event: 5.486 Thread 0x0000000059608000 3104       1       java.util.zip.ZipEntry::<init> (74 bytes)
Event: 5.486 Thread 0x0000000059608000 nmethod 3104 0x000000000302f690 code [0x000000000302f800, 0x000000000302fab8]
Event: 5.509 Thread 0x0000000059608000 3105       1       java.lang.Throwable::<init> (50 bytes)
Event: 5.514 Thread 0x0000000059608000 


GC Heap History (10 events):
Event: 2.495 GC heap after
Heap after GC invocations=4 (full 0):
 PSYoungGen      total 138240K, used 5116K [0x00000000d5c00000, 0x00000000de800000, 0x0000000100000000)
  eden space 133120K, 0% used [0x00000000d5c00000,0x00000000d5c00000,0x00000000dde00000)
  from space 5120K, 99% used [0x00000000de300000,0x00000000de7ff0f8,0x00000000de800000)
  to   space 5120K, 0% used [0x00000000dde00000,0x00000000dde00000,0x00000000de300000)
 ParOldGen       total 87552K, used 10875K [0x0000000081400000, 0x0000000086980000, 0x00000000d5c00000)
  object space 87552K, 12% used [0x0000000081400000,0x0000000081e9ede0,0x0000000086980000)
 Metaspace       used 19108K, capacity 19712K, committed 19840K, reserved 1067008K
  class space    used 2544K, capacity 2675K, committed 2688K, reserved 1048576K
}
Event: 2.672 GC heap before
{Heap before GC invocations=5 (full 0):
 PSYoungGen      total 138240K, used 32704K [0x00000000d5c00000, 0x00000000de800000, 0x0000000100000000)
  eden space 133120K, 20% used [0x00000000d5c00000,0x00000000d76f1148,0x00000000dde00000)
  from space 5120K, 99% used [0x00000000de300000,0x00000000de7ff0f8,0x00000000de800000)
  to   space 5120K, 0% used [0x00000000dde00000,0x00000000dde00000,0x00000000de300000)
 ParOldGen       total 87552K, used 10875K [0x0000000081400000, 0x0000000086980000, 0x00000000d5c00000)
  object space 87552K, 12% used [0x0000000081400000,0x0000000081e9ede0,0x0000000086980000)
 Metaspace       used 20540K, capacity 21224K, committed 21296K, reserved 1067008K
  class space    used 2750K, capacity 2917K, committed 2944K, reserved 1048576K
Event: 2.681 GC heap after
Heap after GC invocations=5 (full 0):
 PSYoungGen      total 138240K, used 5118K [0x00000000d5c00000, 0x00000000e7700000, 0x0000000100000000)
  eden space 133120K, 0% used [0x00000000d5c00000,0x00000000d5c00000,0x00000000dde00000)
  from space 5120K, 99% used [0x00000000dde00000,0x00000000de2ffbf0,0x00000000de300000)
  to   space 11776K, 0% used [0x00000000e6b80000,0x00000000e6b80000,0x00000000e7700000)
 ParOldGen       total 87552K, used 12357K [0x0000000081400000, 0x0000000086980000, 0x00000000d5c00000)
  object space 87552K, 14% used [0x0000000081400000,0x0000000082011760,0x0000000086980000)
 Metaspace       used 20540K, capacity 21224K, committed 21296K, reserved 1067008K
  class space    used 2750K, capacity 2917K, committed 2944K, reserved 1048576K
}
Event: 2.681 GC heap before
{Heap before GC invocations=6 (full 1):
 PSYoungGen      total 138240K, used 5118K [0x00000000d5c00000, 0x00000000e7700000, 0x0000000100000000)
  eden space 133120K, 0% used [0x00000000d5c00000,0x00000000d5c00000,0x00000000dde00000)
  from space 5120K, 99% used [0x00000000dde00000,0x00000000de2ffbf0,0x00000000de300000)
  to   space 11776K, 0% used [0x00000000e6b80000,0x00000000e6b80000,0x00000000e7700000)
 ParOldGen       total 87552K, used 12357K [0x0000000081400000, 0x0000000086980000, 0x00000000d5c00000)
  object space 87552K, 14% used [0x0000000081400000,0x0000000082011760,0x0000000086980000)
 Metaspace       used 20540K, capacity 21224K, committed 21296K, reserved 1067008K
  class space    used 2750K, capacity 2917K, committed 2944K, reserved 1048576K
Event: 2.731 GC heap after
Heap after GC invocations=6 (full 1):
 PSYoungGen      total 138240K, used 0K [0x00000000d5c00000, 0x00000000e7700000, 0x0000000100000000)
  eden space 133120K, 0% used [0x00000000d5c00000,0x00000000d5c00000,0x00000000dde00000)
  from space 5120K, 0% used [0x00000000dde00000,0x00000000dde00000,0x00000000de300000)
  to   space 11776K, 0% used [0x00000000e6b80000,0x00000000e6b80000,0x00000000e7700000)
 ParOldGen       total 56320K, used 6654K [0x0000000081400000, 0x0000000084b00000, 0x00000000d5c00000)
  object space 56320K, 11% used [0x0000000081400000,0x0000000081a7fac0,0x0000000084b00000)
 Metaspace       used 20538K, capacity 21222K, committed 21296K, reserved 1067008K
  class space    used 2749K, capacity 2916K, committed 2944K, reserved 1048576K
}
Event: 4.043 GC heap before
{Heap before GC invocations=7 (full 1):
 PSYoungGen      total 138240K, used 133120K [0x00000000d5c00000, 0x00000000e7700000, 0x0000000100000000)
  eden space 133120K, 100% used [0x00000000d5c00000,0x00000000dde00000,0x00000000dde00000)
  from space 5120K, 0% used [0x00000000dde00000,0x00000000dde00000,0x00000000de300000)
  to   space 11776K, 0% used [0x00000000e6b80000,0x00000000e6b80000,0x00000000e7700000)
 ParOldGen       total 56320K, used 6654K [0x0000000081400000, 0x0000000084b00000, 0x00000000d5c00000)
  object space 56320K, 11% used [0x0000000081400000,0x0000000081a7fac0,0x0000000084b00000)
 Metaspace       used 24370K, capacity 25436K, committed 25728K, reserved 1071104K
  class space    used 3356K, capacity 3599K, committed 3712K, reserved 1048576K
Event: 4.051 GC heap after
Heap after GC invocations=7 (full 1):
 PSYoungGen      total 226816K, used 7509K [0x00000000d5c00000, 0x00000000e7300000, 0x0000000100000000)
  eden space 219136K, 0% used [0x00000000d5c00000,0x00000000d5c00000,0x00000000e3200000)
  from space 7680K, 97% used [0x00000000e6b80000,0x00000000e72d55f8,0x00000000e7300000)
  to   space 11264K, 0% used [0x00000000e5d00000,0x00000000e5d00000,0x00000000e6800000)
 ParOldGen       total 56320K, used 6662K [0x0000000081400000, 0x0000000084b00000, 0x00000000d5c00000)
  object space 56320K, 11% used [0x0000000081400000,0x0000000081a81ac0,0x0000000084b00000)
 Metaspace       used 24370K, capacity 25436K, committed 25728K, reserved 1071104K
  class space    used 3356K, capacity 3599K, committed 3712K, reserved 1048576K
}
Event: 5.519 GC heap before
{Heap before GC invocations=8 (full 1):
 PSYoungGen      total 226816K, used 160839K [0x00000000d5c00000, 0x00000000e7300000, 0x0000000100000000)
  eden space 219136K, 69% used [0x00000000d5c00000,0x00000000df1bc9a0,0x00000000e3200000)
  from space 7680K, 97% used [0x00000000e6b80000,0x00000000e72d55f8,0x00000000e7300000)
  to   space 11264K, 0% used [0x00000000e5d00000,0x00000000e5d00000,0x00000000e6800000)
 ParOldGen       total 56320K, used 6662K [0x0000000081400000, 0x0000000084b00000, 0x00000000d5c00000)
  object space 56320K, 11% used [0x0000000081400000,0x0000000081a81ac0,0x0000000084b00000)
 Metaspace       used 29801K, capacity 31378K, committed 31488K, reserved 1081344K
  class space    used 4061K, capacity 4334K, committed 4352K, reserved 1048576K
Event: 5.532 GC heap after
Heap after GC invocations=8 (full 1):
 PSYoungGen      total 230400K, used 11249K [0x00000000d5c00000, 0x00000000e7300000, 0x0000000100000000)
  eden space 219136K, 0% used [0x00000000d5c00000,0x00000000d5c00000,0x00000000e3200000)
  from space 11264K, 99% used [0x00000000e5d00000,0x00000000e67fc538,0x00000000e6800000)
  to   space 7680K, 0% used [0x00000000e6b80000,0x00000000e6b80000,0x00000000e7300000)
 ParOldGen       total 56320K, used 8771K [0x0000000081400000, 0x0000000084b00000, 0x00000000d5c00000)
  object space 56320K, 15% used [0x0000000081400000,0x0000000081c90d50,0x0000000084b00000)
 Metaspace       used 29801K, capacity 31378K, committed 31488K, reserved 1081344K
  class space    used 4061K, capacity 4334K, committed 4352K, reserved 1048576K
}
Event: 5.532 GC heap before
{Heap before GC invocations=9 (full 2):
 PSYoungGen      total 230400K, used 11249K [0x00000000d5c00000, 0x00000000e7300000, 0x0000000100000000)
  eden space 219136K, 0% used [0x00000000d5c00000,0x00000000d5c00000,0x00000000e3200000)
  from space 11264K, 99% used [0x00000000e5d00000,0x00000000e67fc538,0x00000000e6800000)
  to   space 7680K, 0% used [0x00000000e6b80000,0x00000000e6b80000,0x00000000e7300000)
 ParOldGen       total 56320K, used 8771K [0x0000000081400000, 0x0000000084b00000, 0x00000000d5c00000)
  object space 56320K, 15% used [0x0000000081400000,0x0000000081c90d50,0x0000000084b00000)
 Metaspace       used 29801K, capacity 31378K, committed 31488K, reserved 1081344K
  class space    used 4061K, capacity 4334K, committed 4352K, reserved 1048576K

Deoptimization events (0 events):
No events

Internal exceptions (10 events):
Event: 5.510 Thread 0x0000000059ad9000 Exception <a 'java/security/PrivilegedActionException'> (0x00000000df0f0798) thrown at [C:\workspace\8-2-build-windows-amd64-cygwin\jdk8u31\2394\hotspot\src\share\vm\prims\jvm.cpp, line 1312]
Event: 5.511 Thread 0x0000000059ad9000 Exception <a 'java/security/PrivilegedActionException'> (0x00000000df106050) thrown at [C:\workspace\8-2-build-windows-amd64-cygwin\jdk8u31\2394\hotspot\src\share\vm\prims\jvm.cpp, line 1312]
Event: 5.512 Thread 0x0000000059ad9000 Exception <a 'java/security/PrivilegedActionException'> (0x00000000df108290) thrown at [C:\workspace\8-2-build-windows-amd64-cygwin\jdk8u31\2394\hotspot\src\share\vm\prims\jvm.cpp, line 1312]
Event: 5.514 Thread 0x0000000059ad9000 Exception <a 'java/security/PrivilegedActionException'> (0x00000000df162a48) thrown at [C:\workspace\8-2-build-windows-amd64-cygwin\jdk8u31\2394\hotspot\src\share\vm\prims\jvm.cpp, line 1312]
Event: 5.515 Thread 0x0000000059ad9000 Exception <a 'java/security/PrivilegedActionException'> (0x00000000df1717a8) thrown at [C:\workspace\8-2-build-windows-amd64-cygwin\jdk8u31\2394\hotspot\src\share\vm\prims\jvm.cpp, line 1312]
Event: 5.517 Thread 0x0000000059ad9000 Exception <a 'java/security/PrivilegedActionException'> (0x00000000df190da0) thrown at [C:\workspace\8-2-build-windows-amd64-cygwin\jdk8u31\2394\hotspot\src\share\vm\prims\jvm.cpp, line 1312]
Event: 5.518 Thread 0x0000000059ad9000 Exception <a 'java/security/PrivilegedActionException'> (0x00000000df192e78) thrown at [C:\workspace\8-2-build-windows-amd64-cygwin\jdk8u31\2394\hotspot\src\share\vm\prims\jvm.cpp, line 1312]
Event: 5.518 Thread 0x0000000059ad9000 Exception <a 'java/security/PrivilegedActionException'> (0x00000000df195fd0) thrown at [C:\workspace\8-2-build-windows-amd64-cygwin\jdk8u31\2394\hotspot\src\share\vm\prims\jvm.cpp, line 1312]
Event: 5.518 Thread 0x0000000059ad9000 Exception <a 'java/security/PrivilegedActionException'> (0x00000000df197fb8) thrown at [C:\workspace\8-2-build-windows-amd64-cygwin\jdk8u31\2394\hotspot\src\share\vm\prims\jvm.cpp, line 1312]
Event: 5.518 Thread 0x0000000059ad9000 Exception <a 'java/security/PrivilegedActionException'> (0x00000000df19a0e8) thrown at [C:\workspace\8-2-build-windows-amd64-cygwin\jdk8u31\2394\hotspot\src\share\vm\prims\jvm.cpp, line 1312]

Events (10 events):
Event: 5.510 loading class org/apache/tomcat/util/MultiThrowable done
Event: 5.514 loading class org/apache/catalina/core/ContainerBase$StopChild
Event: 5.514 loading class org/apache/catalina/core/ContainerBase$StopChild done
Event: 5.515 loading class org/apache/catalina/Lifecycle$SingleUse
Event: 5.515 loading class org/apache/catalina/Lifecycle$SingleUse done
Event: 5.518 loading class java/sql/SQLException
Event: 5.518 loading class java/sql/SQLException done
Event: 5.518 loading class java/sql/DriverManager
Event: 5.519 loading class java/sql/DriverManager done
Event: 5.519 Executing VM operation: CollectForMetadataAllocation


Dynamic libraries:
0x000000013fda0000 - 0x000000013fdd4000 	D:\java\SDE\jdk1.8\bin\java.exe
0x0000000077a90000 - 0x0000000077c2f000 	C:\Windows\SYSTEM32\ntdll.dll
0x0000000077870000 - 0x000000007798f000 	C:\Windows\system32\kernel32.dll
0x000007fefd700000 - 0x000007fefd76a000 	C:\Windows\system32\KERNELBASE.dll
0x000007fefe260000 - 0x000007fefe33b000 	C:\Windows\system32\ADVAPI32.dll
0x000007feff680000 - 0x000007feff71f000 	C:\Windows\system32\msvcrt.dll
0x000007feff460000 - 0x000007feff47f000 	C:\Windows\SYSTEM32\sechost.dll
0x000007fefdfb0000 - 0x000007fefe0dd000 	C:\Windows\system32\RPCRT4.dll
0x0000000077990000 - 0x0000000077a8a000 	C:\Windows\system32\USER32.dll
0x000007fefe340000 - 0x000007fefe3a7000 	C:\Windows\system32\GDI32.dll
0x000007fefe180000 - 0x000007fefe18e000 	C:\Windows\system32\LPK.dll
0x000007fefe190000 - 0x000007fefe25b000 	C:\Windows\system32\USP10.dll
0x000007fefbc10000 - 0x000007fefbe04000 	C:\Windows\WinSxS\amd64_microsoft.windows.common-controls_6595b64144ccf1df_6.0.7601.23403_none_e36ad4593102f066\COMCTL32.dll
0x000007fefdf30000 - 0x000007fefdfa1000 	C:\Windows\system32\SHLWAPI.dll
0x000007fefe0e0000 - 0x000007fefe10e000 	C:\Windows\system32\IMM32.DLL
0x000007feffbf0000 - 0x000007feffcf9000 	C:\Windows\system32\MSCTF.dll
0x000000006d7d0000 - 0x000000006d8a2000 	D:\java\SDE\jdk1.8\jre\bin\msvcr100.dll
0x00000000646e0000 - 0x0000000064f3a000 	D:\java\SDE\jdk1.8\jre\bin\server\jvm.dll
0x000007fef2510000 - 0x000007fef2519000 	C:\Windows\system32\WSOCK32.dll
0x000007fefe130000 - 0x000007fefe17d000 	C:\Windows\system32\WS2_32.dll
0x000007feff8b0000 - 0x000007feff8b8000 	C:\Windows\system32\NSI.dll
0x000007fef8890000 - 0x000007fef88cb000 	C:\Windows\system32\WINMM.dll
0x0000000077c40000 - 0x0000000077c47000 	C:\Windows\system32\PSAPI.DLL
0x00000000740a0000 - 0x00000000740af000 	D:\java\SDE\jdk1.8\jre\bin\verify.dll
0x0000000071180000 - 0x00000000711a8000 	D:\java\SDE\jdk1.8\jre\bin\java.dll
0x000000006ff90000 - 0x000000006ffb3000 	D:\java\SDE\jdk1.8\jre\bin\instrument.dll
0x0000000070fa0000 - 0x0000000070fb6000 	D:\java\SDE\jdk1.8\jre\bin\zip.dll
0x000007fefe450000 - 0x000007feff1da000 	C:\Windows\system32\SHELL32.dll
0x000007feff480000 - 0x000007feff67f000 	C:\Windows\system32\ole32.dll
0x000007fefd5f0000 - 0x000007fefd5ff000 	C:\Windows\system32\profapi.dll
0x000007fefc0b0000 - 0x000007fefc0ca000 	D:\java\ideaIU-2019.3.win\bin\breakgen64.dll
0x000000006e940000 - 0x000000006e95a000 	D:\java\SDE\jdk1.8\jre\bin\net.dll
0x000007fefccf0000 - 0x000007fefcd45000 	C:\Windows\system32\mswsock.dll
0x000007fefcce0000 - 0x000007fefcce7000 	C:\Windows\System32\wship6.dll
0x000007fefc760000 - 0x000007fefc767000 	C:\Windows\System32\wshtcpip.dll
0x000007fefcb70000 - 0x000007fefcbcb000 	C:\Windows\system32\DNSAPI.dll
0x000007fefba60000 - 0x000007fefba87000 	C:\Windows\system32\IPHLPAPI.DLL
0x000007fefba50000 - 0x000007fefba5b000 	C:\Windows\system32\WINNSI.DLL
0x000007fef9c10000 - 0x000007fef9c18000 	C:\Windows\system32\rasadhlp.dll
0x000007fefae30000 - 0x000007fefae83000 	C:\Windows\System32\fwpuclnt.dll
0x00000000740b0000 - 0x00000000740bd000 	D:\java\SDE\jdk1.8\jre\bin\management.dll
0x000000006e920000 - 0x000000006e931000 	D:\java\SDE\jdk1.8\jre\bin\nio.dll
0x000007fefcd50000 - 0x000007fefcd68000 	C:\Windows\system32\CRYPTSP.dll
0x000007fefca50000 - 0x000007fefca97000 	C:\Windows\system32\rsaenh.dll
0x000007fefd600000 - 0x000007fefd61f000 	C:\Windows\system32\USERENV.dll
0x000007fefd440000 - 0x000007fefd44f000 	C:\Windows\system32\CRYPTBASE.dll
0x000007fefade0000 - 0x000007fefadf1000 	C:\Windows\system32\dhcpcsvc6.DLL
0x000007fefae00000 - 0x000007fefae18000 	C:\Windows\system32\dhcpcsvc.DLL
0x000007fefb840000 - 0x000007fefb855000 	C:\Windows\system32\NLAapi.dll
0x000007fefa290000 - 0x000007fefa2a5000 	C:\Windows\system32\napinsp.dll
0x000007fef9ca0000 - 0x000007fef9cb9000 	C:\Windows\system32\pnrpnsp.dll
0x000007fef9c90000 - 0x000007fef9c9b000 	C:\Windows\System32\winrnr.dll

VM Arguments:
jvm_args: -XX:TieredStopAtLevel=1 -Xverify:none -Dspring.output.ansi.enabled=always -Dcom.sun.management.jmxremote -Dspring.jmx.enabled=true -Dspring.liveBeansView.mbeanDomain -Dspring.application.admin.enabled=true -javaagent:D:\java\ideaIU-2019.3.win\lib\idea_rt.jar=53026:D:\java\ideaIU-2019.3.win\bin -Dfile.encoding=UTF-8 
java_command: com.huye.springcloud.OrderMain80
java_class_path (initial): D:\java\SDE\jdk1.8\jre\lib\charsets.jar;D:\java\SDE\jdk1.8\jre\lib\deploy.jar;D:\java\SDE\jdk1.8\jre\lib\ext\access-bridge-64.jar;D:\java\SDE\jdk1.8\jre\lib\ext\cldrdata.jar;D:\java\SDE\jdk1.8\jre\lib\ext\dnsns.jar;D:\java\SDE\jdk1.8\jre\lib\ext\jaccess.jar;D:\java\SDE\jdk1.8\jre\lib\ext\jfxrt.jar;D:\java\SDE\jdk1.8\jre\lib\ext\localedata.jar;D:\java\SDE\jdk1.8\jre\lib\ext\nashorn.jar;D:\java\SDE\jdk1.8\jre\lib\ext\sunec.jar;D:\java\SDE\jdk1.8\jre\lib\ext\sunjce_provider.jar;D:\java\SDE\jdk1.8\jre\lib\ext\sunmscapi.jar;D:\java\SDE\jdk1.8\jre\lib\ext\sunpkcs11.jar;D:\java\SDE\jdk1.8\jre\lib\ext\zipfs.jar;D:\java\SDE\jdk1.8\jre\lib\javaws.jar;D:\java\SDE\jdk1.8\jre\lib\jce.jar;D:\java\SDE\jdk1.8\jre\lib\jfr.jar;D:\java\SDE\jdk1.8\jre\lib\jfxswt.jar;D:\java\SDE\jdk1.8\jre\lib\jsse.jar;D:\java\SDE\jdk1.8\jre\lib\management-agent.jar;D:\java\SDE\jdk1.8\jre\lib\plugin.jar;D:\java\SDE\jdk1.8\jre\lib\resources.jar;D:\java\SDE\jdk1.8\jre\lib\rt.jar;D:\java\projects\cloud2020\cloud-consumer-order80\target\classes;D:\java\maven\repository3\org\springframework\cloud\spring-cloud-starter-netflix-eureka-client\2.2.1.RELEASE\spring-cloud-starter-netflix-eureka-client-2.2.1.RELEASE.jar;D:\java\maven\repository3\org\springframework\cloud\spring-cloud-starter\2.2.1.RELEASE\spring-cloud-starter-2.2.1.RELEASE.jar;D:\java\maven\repository3\org\springframework\cloud\spring-cloud-context\2.2.1.RELEASE\spring-cloud-context-2.2.1.RELEASE.jar;D:\java\maven\repository3\org\springframework\security\spring-security-crypto\5.2.1.RELEASE\spring-security-crypto-5.2.1.RELEASE.jar;D:\java\maven\repository3\org\springframework\cloud\spring-cloud-commons\2.2.1.RELEASE\spring-cloud-commons-2.2.1.RELEASE.jar;D:\java\maven\repository3\org\springframework\security\spring-security-rsa\1.0.9.RELEASE\spring-security-rsa-1.0.9.RELEASE.jar;D:\java\maven\repository3\org\bouncycastle\bcpkix-jdk15on\1.64\bcpkix-jdk15on-1.64.jar;D:\java\maven\repository3\org\bouncycastle\bcprov-jdk15on
Launcher Type: SUN_STANDARD

Environment Variables:
JAVA_HOME=D:\java\SDE\jdk1.8
PATH=C:\Program Files (x86)\NetSarang\Xftp 6\;C:\Program Files (x86)\NetSarang\Xshell 6\;C:\Windows\system32;C:\Windows;C:\Windows\System32\Wbem;C:\Windows\System32\WindowsPowerShell\v1.0\;D:\java\SDE\jdk1.8\bin;D:\java\mysql-5.7.15-winx64\bin;C:\Program Files\Git\cmd;C:\Program Files\Microsoft VS Code\bin;D:\nodejs\;D:\java\apache-maven-3.5.4\bin;C:\Users\Administrator\AppData\Local\Programs\Python\Python38\Scripts\;C:\Users\Administrator\AppData\Local\Programs\Python\Python38\;C:\Users\Administrator\AppData\Roaming\npm
USERNAME=Administrator
OS=Windows_NT
PROCESSOR_IDENTIFIER=Intel64 Family 6 Model 60 Stepping 3, GenuineIntel



---------------  S Y S T E M  ---------------

OS: Windows 7 , 64 bit Build 7601 Service Pack 1

CPU:total 4 (2 cores per cpu, 2 threads per core) family 6 model 60 stepping 3, cmov, cx8, fxsr, mmx, sse, sse2, sse3, ssse3, sse4.1, sse4.2, popcnt, avx, avx2, aes, clmul, erms, lzcnt, ht, tsc, tscinvbit, bmi1, bmi2

Memory: 4k page, physical 8305204k(1914244k free), swap 8303300k(4924k free)

vm_info: Java HotSpot(TM) 64-Bit Server VM (25.31-b07) for windows-amd64 JRE (1.8.0_31-b13), built on Dec 17 2014 21:00:28 by "java_re" with MS VC++ 10.0 (VS2010)

time: Wed Mar 18 09:58:57 2020
elapsed time: 5 seconds (0d 0h 0m 5s)

